<?xml version="1.0" encoding="UTF-8"?>
<testsuite name="JUnit Jupiter" tests="12" skipped="0" failures="0" errors="0" time="0.052" hostname="jarvis" timestamp="2021-05-30T21:56:41">
<properties>
[...]
</properties>
<testcase name="myFourthTest()" classname="MycdTest" time="0.015">
<system-out><![CDATA[
unique-id: [engine:junit-jupiter]/[class:MycdTest]/[method:myFourthTest()]
display-name: myFourthTest()
]]></system-out>
</testcase>
<testcase name="mySeventhTest()" classname="MycdTest" time="0">
<system-out><![CDATA[
unique-id: [engine:junit-jupiter]/[class:MycdTest]/[method:mySeventhTest()]
display-name: mySeventhTest()
]]></system-out>
</testcase>
<testcase name="myTwelfthTest()" classname="MycdTest" time="0.004">
<system-out><![CDATA[
unique-id: [engine:junit-jupiter]/[class:MycdTest]/[method:myTwelfthTest()]
display-name: myTwelfthTest()
]]></system-out>
</testcase>
<testcase name="myFifthTest()" classname="MycdTest" time="0.001">
<system-out><![CDATA[
unique-id: [engine:junit-jupiter]/[class:MycdTest]/[method:myFifthTest()]
display-name: myFifthTest()
]]></system-out>
</testcase>
<testcase name="myTenthTest()" classname="MycdTest" time="0">
<system-out><![CDATA[
unique-id: [engine:junit-jupiter]/[class:MycdTest]/[method:myTenthTest()]
display-name: myTenthTest()
]]></system-out>
</testcase>
<testcase name="myEleventhTest()" classname="MycdTest" time="0">
<system-out><![CDATA[
unique-id: [engine:junit-jupiter]/[class:MycdTest]/[method:myEleventhTest()]
display-name: myEleventhTest()
]]></system-out>
</testcase>
<testcase name="mySixthTest()" classname="MycdTest" time="0">
<system-out><![CDATA[
unique-id: [engine:junit-jupiter]/[class:MycdTest]/[method:mySixthTest()]
display-name: mySixthTest()
]]></system-out>
</testcase>
<testcase name="myNinthTest()" classname="MycdTest" time="0">
<system-out><![CDATA[
unique-id: [engine:junit-jupiter]/[class:MycdTest]/[method:myNinthTest()]
display-name: myNinthTest()
]]></system-out>
</testcase>
<testcase name="myThirdTest()" classname="MycdTest" time="0">
<system-out><![CDATA[
unique-id: [engine:junit-jupiter]/[class:MycdTest]/[method:myThirdTest()]
display-name: myThirdTest()
]]></system-out>
</testcase>
<testcase name="mySecondTest()" classname="MycdTest" time="0">
<system-out><![CDATA[
unique-id: [engine:junit-jupiter]/[class:MycdTest]/[method:mySecondTest()]
display-name: mySecondTest()
]]></system-out>
</testcase>
<testcase name="myFirstTest()" classname="MycdTest" time="0">
<system-out><![CDATA[
unique-id: [engine:junit-jupiter]/[class:MycdTest]/[method:myFirstTest()]
display-name: myFirstTest()
]]></system-out>
</testcase>
<testcase name="myEighthTest()" classname="MycdTest" time="0">
<system-out><![CDATA[
unique-id: [engine:junit-jupiter]/[class:MycdTest]/[method:myEighthTest()]
display-name: myEighthTest()
]]></system-out>
</testcase>
<system-out><![CDATA[
unique-id: [engine:junit-jupiter]
display-name: JUnit Jupiter
]]></system-out>
</testsuite>
